<?xml version="1.0" encoding="UTF-8"?>
<!-- Generated by org.testng.reporters.JUnitReportReporter -->
<testsuite skipped="0" hostname="Kevin-Notebook" name="testRunner.Runner" tests="1" failures="0" timestamp="10 May 2018 17:58:43 GMT" time="9.501" errors="0">
  <testcase name="feature" time="9.501" classname="testRunner.Runner"/>
</testsuite> <!-- testRunner.Runner -->
