<?xml version="1.0" encoding="UTF-8"?>
<!-- Generated by org.testng.reporters.JUnitReportReporter -->
<testsuite skipped="0" hostname="Kevin-Notebook" name="com.revature.testing.HelloTestNG" tests="2" failures="0" timestamp="08 May 2018 17:45:30 GMT" time="0.011" errors="0">
  <testcase name="f" time="0.008" classname="com.revature.testing.HelloTestNG"/>
  <testcase name="f" time="0.003" classname="com.revature.testing.HelloTestNG"/>
</testsuite> <!-- com.revature.testing.HelloTestNG -->
